<?xml version="1.0" encoding="UTF-8"?>
<!-- Generated by org.testng.reporters.JUnitXMLReporter -->
<testsuite ignored="0" hostname="Meenakshis-MacBook-Pro.local" failures="0" tests="5" name="Default test" time="13.411" errors="0" timestamp="2023-05-04T22:30:48 CDT">
  <testcase classname="com.testcases.Homepagetest2" name="usernametest" time="0.236"/>
  <testcase classname="com.testcases.Homepagetest2" name="usernametest" time="0.111"/>
  <testcase classname="com.testcases.Homepagetest2" name="usernametest" time="0.087"/>
  <testcase classname="com.testcases.Homepagetest2" name="usernametest" time="0.092"/>
  <testcase classname="com.testcases.Homepagetest2" name="usernametest" time="0.086"/>
</testsuite> <!-- Default test -->
