<?xml version="1.0" encoding="UTF-8"?>
<testng-results ignored="0" total="5" passed="5" failed="0" skipped="0">
  <reporter-output>
  </reporter-output>
  <suite started-at="2023-05-04T22:30:34 CDT" name="Default suite" finished-at="2023-05-04T22:30:48 CDT" duration-ms="13411">
    <groups>
    </groups>
    <test started-at="2023-05-04T22:30:34 CDT" name="Default test" finished-at="2023-05-04T22:30:48 CDT" duration-ms="13411">
      <class name="com.testcases.Homepagetest2">
        <test-method is-config="true" signature="setup()[pri:0, instance:com.testcases.Homepagetest2@69b2283a]" started-at="2023-05-04T22:30:35 CDT" name="setup" finished-at="2023-05-04T22:30:38 CDT" duration-ms="3782" status="PASS">
          <reporter-output>
          </reporter-output>
        </test-method> <!-- setup -->
        <test-method signature="usernametest(java.lang.String,java.lang.String)[pri:1, instance:com.testcases.Homepagetest2@69b2283a]" started-at="2023-05-04T22:30:38 CDT" name="usernametest" data-provider="testdata" finished-at="2023-05-04T22:30:39 CDT" duration-ms="236" status="PASS">
          <params>
            <param index="0">
              <value>
                <![CDATA[meenu]]>
              </value>
            </param>
            <param index="1">
              <value>
                <![CDATA[meenu123]]>
              </value>
            </param>
          </params>
          <reporter-output>
          </reporter-output>
        </test-method> <!-- usernametest -->
        <test-method is-config="true" signature="setup()[pri:0, instance:com.testcases.Homepagetest2@69b2283a]" started-at="2023-05-04T22:30:39 CDT" name="setup" finished-at="2023-05-04T22:30:42 CDT" duration-ms="3433" status="PASS">
          <reporter-output>
          </reporter-output>
        </test-method> <!-- setup -->
        <test-method signature="usernametest(java.lang.String,java.lang.String)[pri:1, instance:com.testcases.Homepagetest2@69b2283a]" started-at="2023-05-04T22:30:42 CDT" name="usernametest" data-provider="testdata" finished-at="2023-05-04T22:30:42 CDT" duration-ms="111" status="PASS">
          <params>
            <param index="0">
              <value>
                <![CDATA[meenuk]]>
              </value>
            </param>
            <param index="1">
              <value>
                <![CDATA[meenur123]]>
              </value>
            </param>
          </params>
          <reporter-output>
          </reporter-output>
        </test-method> <!-- usernametest -->
        <test-method is-config="true" signature="setup()[pri:0, instance:com.testcases.Homepagetest2@69b2283a]" started-at="2023-05-04T22:30:42 CDT" name="setup" finished-at="2023-05-04T22:30:44 CDT" duration-ms="1716" status="PASS">
          <reporter-output>
          </reporter-output>
        </test-method> <!-- setup -->
        <test-method signature="usernametest(java.lang.String,java.lang.String)[pri:1, instance:com.testcases.Homepagetest2@69b2283a]" started-at="2023-05-04T22:30:44 CDT" name="usernametest" data-provider="testdata" finished-at="2023-05-04T22:30:44 CDT" duration-ms="87" status="PASS">
          <params>
            <param index="0">
              <value>
                <![CDATA[meenur]]>
              </value>
            </param>
            <param index="1">
              <value>
                <![CDATA[meenu123]]>
              </value>
            </param>
          </params>
          <reporter-output>
          </reporter-output>
        </test-method> <!-- usernametest -->
        <test-method is-config="true" signature="setup()[pri:0, instance:com.testcases.Homepagetest2@69b2283a]" started-at="2023-05-04T22:30:44 CDT" name="setup" finished-at="2023-05-04T22:30:45 CDT" duration-ms="1584" status="PASS">
          <reporter-output>
          </reporter-output>
        </test-method> <!-- setup -->
        <test-method signature="usernametest(java.lang.String,java.lang.String)[pri:1, instance:com.testcases.Homepagetest2@69b2283a]" started-at="2023-05-04T22:30:45 CDT" name="usernametest" data-provider="testdata" finished-at="2023-05-04T22:30:46 CDT" duration-ms="92" status="PASS">
          <params>
            <param index="0">
              <value>
                <![CDATA[rupal]]>
              </value>
            </param>
            <param index="1">
              <value>
                <![CDATA[rupal123]]>
              </value>
            </param>
          </params>
          <reporter-output>
          </reporter-output>
        </test-method> <!-- usernametest -->
        <test-method is-config="true" signature="setup()[pri:0, instance:com.testcases.Homepagetest2@69b2283a]" started-at="2023-05-04T22:30:46 CDT" name="setup" finished-at="2023-05-04T22:30:47 CDT" duration-ms="1625" status="PASS">
          <reporter-output>
          </reporter-output>
        </test-method> <!-- setup -->
        <test-method signature="usernametest(java.lang.String,java.lang.String)[pri:1, instance:com.testcases.Homepagetest2@69b2283a]" started-at="2023-05-04T22:30:47 CDT" name="usernametest" data-provider="testdata" finished-at="2023-05-04T22:30:47 CDT" duration-ms="86" status="PASS">
          <params>
            <param index="0">
              <value>
                <![CDATA[kaashvi]]>
              </value>
            </param>
            <param index="1">
              <value>
                <![CDATA[kaashvi123]]>
              </value>
            </param>
          </params>
          <reporter-output>
          </reporter-output>
        </test-method> <!-- usernametest -->
        <test-method is-config="true" signature="kill()[pri:0, instance:com.testcases.Homepagetest2@69b2283a]" started-at="2023-05-04T22:30:47 CDT" name="kill" finished-at="2023-05-04T22:30:48 CDT" duration-ms="281" status="PASS">
          <reporter-output>
          </reporter-output>
        </test-method> <!-- kill -->
      </class> <!-- com.testcases.Homepagetest2 -->
    </test> <!-- Default test -->
  </suite> <!-- Default suite -->
</testng-results>
